Mon Jan 30 12:38:18 IST 2017 : Apache Derby Network Server - 10.10.1.3 - (1557168) started and ready to accept connections on port 1527
----------------------------------------------------------------
Mon Jan 30 12:38:18 IST 2017:
Booting Derby version The Apache Software Foundation - Apache Derby - 10.10.1.3 - (1557168): instance a816c00e-0159-eef4-1f26-ffffc0f7a487 
on database directory C:\Users\Kotya\Desktop\College\Year 3\Semester A\BasicWeb\HW\Ex04\LibraryDB with class loader sun.misc.Launcher$AppClassLoader@1d44bcfa 
Loaded from file:/C:/Program%20Files/Java/jdk1.8.0_25/db/lib/derby.jar
java.vendor=Oracle Corporation
java.runtime.version=1.8.0_25-b18
user.dir=C:\Program Files\Java\jdk1.8.0_25\db
os.name=Windows 8.1
os.arch=amd64
os.version=6.3
derby.system.home=C:\Users\Kotya\Desktop\College\Year 3\Semester A\BasicWeb\HW\Ex04
Database Class Loader started - derby.database.classpath=''
----------------------------------------------------------------
Mon Jan 30 13:24:04 IST 2017: Shutting down Derby engine
----------------------------------------------------------------
Mon Jan 30 13:24:04 IST 2017:
Shutting down instance a816c00e-0159-eef4-1f26-ffffc0f7a487 on database directory C:\Users\Kotya\Desktop\College\Year 3\Semester A\BasicWeb\HW\Ex04\LibraryDB with class loader sun.misc.Launcher$AppClassLoader@1d44bcfa 
----------------------------------------------------------------
